running egg_info
creating ../../build/hammerhead_object_follower/hammerhead_object_follower.egg-info
writing ../../build/hammerhead_object_follower/hammerhead_object_follower.egg-info/PKG-INFO
writing dependency_links to ../../build/hammerhead_object_follower/hammerhead_object_follower.egg-info/dependency_links.txt
writing entry points to ../../build/hammerhead_object_follower/hammerhead_object_follower.egg-info/entry_points.txt
writing requirements to ../../build/hammerhead_object_follower/hammerhead_object_follower.egg-info/requires.txt
writing top-level names to ../../build/hammerhead_object_follower/hammerhead_object_follower.egg-info/top_level.txt
writing manifest file '../../build/hammerhead_object_follower/hammerhead_object_follower.egg-info/SOURCES.txt'
reading manifest file '../../build/hammerhead_object_follower/hammerhead_object_follower.egg-info/SOURCES.txt'
writing manifest file '../../build/hammerhead_object_follower/hammerhead_object_follower.egg-info/SOURCES.txt'
running build
running build_py
creating /home/aditya/brahmastra_ws/build/hammerhead_object_follower/build
creating /home/aditya/brahmastra_ws/build/hammerhead_object_follower/build/lib
creating /home/aditya/brahmastra_ws/build/hammerhead_object_follower/build/lib/hammerhead_object_follower
copying hammerhead_object_follower/rotate_robot.py -> /home/aditya/brahmastra_ws/build/hammerhead_object_follower/build/lib/hammerhead_object_follower
copying hammerhead_object_follower/__init__.py -> /home/aditya/brahmastra_ws/build/hammerhead_object_follower/build/lib/hammerhead_object_follower
copying hammerhead_object_follower/find_object.py -> /home/aditya/brahmastra_ws/build/hammerhead_object_follower/build/lib/hammerhead_object_follower
running install
running install_lib
creating /home/aditya/brahmastra_ws/install/hammerhead_object_follower/lib/python3.10/site-packages/hammerhead_object_follower
copying /home/aditya/brahmastra_ws/build/hammerhead_object_follower/build/lib/hammerhead_object_follower/rotate_robot.py -> /home/aditya/brahmastra_ws/install/hammerhead_object_follower/lib/python3.10/site-packages/hammerhead_object_follower
copying /home/aditya/brahmastra_ws/build/hammerhead_object_follower/build/lib/hammerhead_object_follower/__init__.py -> /home/aditya/brahmastra_ws/install/hammerhead_object_follower/lib/python3.10/site-packages/hammerhead_object_follower
copying /home/aditya/brahmastra_ws/build/hammerhead_object_follower/build/lib/hammerhead_object_follower/find_object.py -> /home/aditya/brahmastra_ws/install/hammerhead_object_follower/lib/python3.10/site-packages/hammerhead_object_follower
byte-compiling /home/aditya/brahmastra_ws/install/hammerhead_object_follower/lib/python3.10/site-packages/hammerhead_object_follower/rotate_robot.py to rotate_robot.cpython-310.pyc
byte-compiling /home/aditya/brahmastra_ws/install/hammerhead_object_follower/lib/python3.10/site-packages/hammerhead_object_follower/__init__.py to __init__.cpython-310.pyc
byte-compiling /home/aditya/brahmastra_ws/install/hammerhead_object_follower/lib/python3.10/site-packages/hammerhead_object_follower/find_object.py to find_object.cpython-310.pyc
running install_data
creating /home/aditya/brahmastra_ws/install/hammerhead_object_follower/share/ament_index
creating /home/aditya/brahmastra_ws/install/hammerhead_object_follower/share/ament_index/resource_index
creating /home/aditya/brahmastra_ws/install/hammerhead_object_follower/share/ament_index/resource_index/packages
copying resource/hammerhead_object_follower -> /home/aditya/brahmastra_ws/install/hammerhead_object_follower/share/ament_index/resource_index/packages
copying package.xml -> /home/aditya/brahmastra_ws/install/hammerhead_object_follower/share/hammerhead_object_follower
creating /home/aditya/brahmastra_ws/install/hammerhead_object_follower/share/hammerhead_object_follower/launch
copying launch/track_yellow.py -> /home/aditya/brahmastra_ws/install/hammerhead_object_follower/share/hammerhead_object_follower/launch
running install_egg_info
Copying ../../build/hammerhead_object_follower/hammerhead_object_follower.egg-info to /home/aditya/brahmastra_ws/install/hammerhead_object_follower/lib/python3.10/site-packages/hammerhead_object_follower-0.0.0-py3.10.egg-info
running install_scripts
Installing find_object script to /home/aditya/brahmastra_ws/install/hammerhead_object_follower/lib/hammerhead_object_follower
Installing rotate_robot script to /home/aditya/brahmastra_ws/install/hammerhead_object_follower/lib/hammerhead_object_follower
writing list of installed files to '/home/aditya/brahmastra_ws/build/hammerhead_object_follower/install.log'
